0 info it worked if it ends with ok
1 verbose cli [ 'C:\\Program Files\\nodejs\\node.exe',
1 verbose cli   'C:\\Program Files\\nodejs\\node_modules\\npm\\bin\\npm-cli.js',
1 verbose cli   'install' ]
2 info using npm@4.1.2
3 info using node@v7.5.0
4 silly loadCurrentTree Starting
5 silly install loadCurrentTree
6 silly install readLocalPackageData
7 silly install normalizeTree
8 silly loadCurrentTree Finishing
9 silly loadIdealTree Starting
10 silly install loadIdealTree
11 silly cloneCurrentTree Starting
12 silly install cloneCurrentTreeToIdealTree
13 silly cloneCurrentTree Finishing
14 silly loadShrinkwrap Starting
15 silly install loadShrinkwrap
16 silly loadShrinkwrap Finishing
17 silly loadAllDepsIntoIdealTree Starting
18 silly install loadAllDepsIntoIdealTree
19 silly fetchNamedPackageData fsevents
20 silly mapToRegistry name fsevents
21 silly mapToRegistry using default registry
22 silly mapToRegistry registry https://registry.npmjs.org/
23 silly mapToRegistry data Result {
23 silly mapToRegistry   raw: 'fsevents',
23 silly mapToRegistry   scope: null,
23 silly mapToRegistry   escapedName: 'fsevents',
23 silly mapToRegistry   name: 'fsevents',
23 silly mapToRegistry   rawSpec: '',
23 silly mapToRegistry   spec: 'latest',
23 silly mapToRegistry   type: 'tag' }
24 silly mapToRegistry uri https://registry.npmjs.org/fsevents
25 verbose request uri https://registry.npmjs.org/fsevents
26 verbose request no auth needed
27 info attempt registry request try #1 at 5:18:33 PM
28 verbose request id 092b6e8bd38eef22
29 verbose etag W/"595a4ef8-dcd1"
30 verbose lastModified Mon, 03 Jul 2017 14:04:40 GMT
31 http request GET https://registry.npmjs.org/fsevents
32 http 304 https://registry.npmjs.org/fsevents
33 verbose headers { date: 'Mon, 10 Jul 2017 21:18:33 GMT',
33 verbose headers   via: '1.1 varnish',
33 verbose headers   'cache-control': 'max-age=300',
33 verbose headers   etag: 'W/"595a4ef8-dcd1"',
33 verbose headers   age: '291',
33 verbose headers   connection: 'keep-alive',
33 verbose headers   'x-served-by': 'cache-atl6249-ATL',
33 verbose headers   'x-cache': 'HIT',
33 verbose headers   'x-cache-hits': '10',
33 verbose headers   'x-timer': 'S1499721513.295764,VS0,VE0',
33 verbose headers   vary: 'Accept-Encoding' }
34 silly get cb [ 304,
34 silly get   { date: 'Mon, 10 Jul 2017 21:18:33 GMT',
34 silly get     via: '1.1 varnish',
34 silly get     'cache-control': 'max-age=300',
34 silly get     etag: 'W/"595a4ef8-dcd1"',
34 silly get     age: '291',
34 silly get     connection: 'keep-alive',
34 silly get     'x-served-by': 'cache-atl6249-ATL',
34 silly get     'x-cache': 'HIT',
34 silly get     'x-cache-hits': '10',
34 silly get     'x-timer': 'S1499721513.295764,VS0,VE0',
34 silly get     vary: 'Accept-Encoding' } ]
35 verbose etag https://registry.npmjs.org/fsevents from cache
36 verbose get saving fsevents to C:\Users\ksweat\AppData\Roaming\npm-cache\registry.npmjs.org\fsevents\.cache.json
37 verbose correctMkdir C:\Users\ksweat\AppData\Roaming\npm-cache correctMkdir not in flight; initializing
38 silly pickManifestFromRegistryMetadata spec >=1.0.0 <2.0.0 tag latest versions [ '0.1.1',
38 silly pickManifestFromRegistryMetadata   '0.1.3',
38 silly pickManifestFromRegistryMetadata   '0.1.4',
38 silly pickManifestFromRegistryMetadata   '0.1.5',
38 silly pickManifestFromRegistryMetadata   '0.1.6',
38 silly pickManifestFromRegistryMetadata   '0.2.0',
38 silly pickManifestFromRegistryMetadata   '0.3.0',
38 silly pickManifestFromRegistryMetadata   '0.3.1',
38 silly pickManifestFromRegistryMetadata   '0.3.2',
38 silly pickManifestFromRegistryMetadata   '0.3.3',
38 silly pickManifestFromRegistryMetadata   '0.3.4',
38 silly pickManifestFromRegistryMetadata   '0.3.5',
38 silly pickManifestFromRegistryMetadata   '0.3.6',
38 silly pickManifestFromRegistryMetadata   '0.3.7',
38 silly pickManifestFromRegistryMetadata   '0.3.8',
38 silly pickManifestFromRegistryMetadata   '1.0.0',
38 silly pickManifestFromRegistryMetadata   '1.0.1',
38 silly pickManifestFromRegistryMetadata   '1.0.2',
38 silly pickManifestFromRegistryMetadata   '1.0.3',
38 silly pickManifestFromRegistryMetadata   '1.0.4',
38 silly pickManifestFromRegistryMetadata   '1.0.5',
38 silly pickManifestFromRegistryMetadata   '1.0.6',
38 silly pickManifestFromRegistryMetadata   '1.0.7',
38 silly pickManifestFromRegistryMetadata   '1.0.8',
38 silly pickManifestFromRegistryMetadata   '1.0.9',
38 silly pickManifestFromRegistryMetadata   '1.0.10',
38 silly pickManifestFromRegistryMetadata   '1.0.11',
38 silly pickManifestFromRegistryMetadata   '1.0.12',
38 silly pickManifestFromRegistryMetadata   '1.0.14',
38 silly pickManifestFromRegistryMetadata   '1.0.15',
38 silly pickManifestFromRegistryMetadata   '1.0.17',
38 silly pickManifestFromRegistryMetadata   '1.0.18-0',
38 silly pickManifestFromRegistryMetadata   '1.1.0',
38 silly pickManifestFromRegistryMetadata   '1.1.1',
38 silly pickManifestFromRegistryMetadata   '1.1.2' ]
39 silly resolveWithNewModule fsevents@1.1.2 checking installable status
40 silly loadAllDepsIntoIdealTree Finishing
41 silly loadIdealTree Finishing
42 silly currentTree finalproject@0.1.6
42 silly currentTree +-- accepts@1.3.3
42 silly currentTree +-- acorn@4.0.13
42 silly currentTree +-- align-text@0.1.4
42 silly currentTree +-- amdefine@1.0.1
42 silly currentTree +-- ansi-regex@2.1.1
42 silly currentTree +-- ansi-styles@2.2.1
42 silly currentTree +-- anymatch@1.3.0
42 silly currentTree +-- append-field@0.1.0
42 silly currentTree +-- arr-diff@2.0.0
42 silly currentTree +-- arr-flatten@1.1.0
42 silly currentTree +-- array-flatten@1.1.1
42 silly currentTree +-- array-unique@0.2.1
42 silly currentTree +-- arrify@1.0.1
42 silly currentTree +-- asap@2.0.6
42 silly currentTree +-- assert@1.4.1
42 silly currentTree +-- ast-types@0.9.6
42 silly currentTree +-- async-each@1.0.1
42 silly currentTree +-- async@2.1.4
42 silly currentTree | `-- lodash@4.17.4
42 silly currentTree +-- atoa@1.0.0
42 silly currentTree +-- axios@0.16.2
42 silly currentTree +-- babel-code-frame@6.22.0
42 silly currentTree +-- babel-core@6.25.0
42 silly currentTree | `-- lodash@4.17.4
42 silly currentTree +-- babel-generator@6.25.0
42 silly currentTree | `-- lodash@4.17.4
42 silly currentTree +-- babel-helper-bindify-decorators@6.24.1
42 silly currentTree +-- babel-helper-builder-binary-assignment-operator-visitor@6.24.1
42 silly currentTree +-- babel-helper-builder-react-jsx@6.24.1
42 silly currentTree +-- babel-helper-call-delegate@6.24.1
42 silly currentTree +-- babel-helper-define-map@6.24.1
42 silly currentTree | `-- lodash@4.17.4
42 silly currentTree +-- babel-helper-explode-assignable-expression@6.24.1
42 silly currentTree +-- babel-helper-explode-class@6.24.1
42 silly currentTree +-- babel-helper-function-name@6.24.1
42 silly currentTree +-- babel-helper-get-function-arity@6.24.1
42 silly currentTree +-- babel-helper-hoist-variables@6.24.1
42 silly currentTree +-- babel-helper-optimise-call-expression@6.24.1
42 silly currentTree +-- babel-helper-regex@6.24.1
42 silly currentTree | `-- lodash@4.17.4
42 silly currentTree +-- babel-helper-remap-async-to-generator@6.24.1
42 silly currentTree +-- babel-helper-replace-supers@6.24.1
42 silly currentTree +-- babel-helpers@6.24.1
42 silly currentTree +-- babel-loader@6.4.1
42 silly currentTree | +-- loader-utils@0.2.17
42 silly currentTree | `-- object-assign@4.1.1
42 silly currentTree +-- babel-messages@6.23.0
42 silly currentTree +-- babel-plugin-check-es2015-constants@6.22.0
42 silly currentTree +-- babel-plugin-syntax-async-functions@6.13.0
42 silly currentTree +-- babel-plugin-syntax-async-generators@6.13.0
42 silly currentTree +-- babel-plugin-syntax-class-constructor-call@6.18.0
42 silly currentTree +-- babel-plugin-syntax-class-properties@6.13.0
42 silly currentTree +-- babel-plugin-syntax-decorators@6.13.0
42 silly currentTree +-- babel-plugin-syntax-do-expressions@6.13.0
42 silly currentTree +-- babel-plugin-syntax-dynamic-import@6.18.0
42 silly currentTree +-- babel-plugin-syntax-exponentiation-operator@6.13.0
42 silly currentTree +-- babel-plugin-syntax-export-extensions@6.13.0
42 silly currentTree +-- babel-plugin-syntax-flow@6.18.0
42 silly currentTree +-- babel-plugin-syntax-function-bind@6.13.0
42 silly currentTree +-- babel-plugin-syntax-jsx@6.18.0
42 silly currentTree +-- babel-plugin-syntax-object-rest-spread@6.13.0
42 silly currentTree +-- babel-plugin-syntax-trailing-function-commas@6.22.0
42 silly currentTree +-- babel-plugin-transform-async-generator-functions@6.24.1
42 silly currentTree +-- babel-plugin-transform-async-to-generator@6.24.1
42 silly currentTree +-- babel-plugin-transform-class-constructor-call@6.24.1
42 silly currentTree +-- babel-plugin-transform-class-properties@6.24.1
42 silly currentTree +-- babel-plugin-transform-decorators@6.24.1
42 silly currentTree +-- babel-plugin-transform-do-expressions@6.22.0
42 silly currentTree +-- babel-plugin-transform-es2015-arrow-functions@6.22.0
42 silly currentTree +-- babel-plugin-transform-es2015-block-scoped-functions@6.22.0
42 silly currentTree +-- babel-plugin-transform-es2015-block-scoping@6.24.1
42 silly currentTree | `-- lodash@4.17.4
42 silly currentTree +-- babel-plugin-transform-es2015-classes@6.24.1
42 silly currentTree +-- babel-plugin-transform-es2015-computed-properties@6.24.1
42 silly currentTree +-- babel-plugin-transform-es2015-destructuring@6.23.0
42 silly currentTree +-- babel-plugin-transform-es2015-duplicate-keys@6.24.1
42 silly currentTree +-- babel-plugin-transform-es2015-for-of@6.23.0
42 silly currentTree +-- babel-plugin-transform-es2015-function-name@6.24.1
42 silly currentTree +-- babel-plugin-transform-es2015-literals@6.22.0
42 silly currentTree +-- babel-plugin-transform-es2015-modules-amd@6.24.1
42 silly currentTree +-- babel-plugin-transform-es2015-modules-commonjs@6.24.1
42 silly currentTree +-- babel-plugin-transform-es2015-modules-systemjs@6.24.1
42 silly currentTree +-- babel-plugin-transform-es2015-modules-umd@6.24.1
42 silly currentTree +-- babel-plugin-transform-es2015-object-super@6.24.1
42 silly currentTree +-- babel-plugin-transform-es2015-parameters@6.24.1
42 silly currentTree +-- babel-plugin-transform-es2015-shorthand-properties@6.24.1
42 silly currentTree +-- babel-plugin-transform-es2015-spread@6.22.0
42 silly currentTree +-- babel-plugin-transform-es2015-sticky-regex@6.24.1
42 silly currentTree +-- babel-plugin-transform-es2015-template-literals@6.22.0
42 silly currentTree +-- babel-plugin-transform-es2015-typeof-symbol@6.23.0
42 silly currentTree +-- babel-plugin-transform-es2015-unicode-regex@6.24.1
42 silly currentTree +-- babel-plugin-transform-exponentiation-operator@6.24.1
42 silly currentTree +-- babel-plugin-transform-export-extensions@6.22.0
42 silly currentTree +-- babel-plugin-transform-flow-strip-types@6.22.0
42 silly currentTree +-- babel-plugin-transform-function-bind@6.22.0
42 silly currentTree +-- babel-plugin-transform-object-rest-spread@6.23.0
42 silly currentTree +-- babel-plugin-transform-react-display-name@6.25.0
42 silly currentTree +-- babel-plugin-transform-react-jsx-self@6.22.0
42 silly currentTree +-- babel-plugin-transform-react-jsx-source@6.22.0
42 silly currentTree +-- babel-plugin-transform-react-jsx@6.24.1
42 silly currentTree +-- babel-plugin-transform-regenerator@6.24.1
42 silly currentTree +-- babel-plugin-transform-runtime@6.23.0
42 silly currentTree +-- babel-plugin-transform-strict-mode@6.24.1
42 silly currentTree +-- babel-polyfill@6.23.0
42 silly currentTree +-- babel-preset-es2015@6.24.1
42 silly currentTree +-- babel-preset-flow@6.23.0
42 silly currentTree +-- babel-preset-react@6.24.1
42 silly currentTree +-- babel-preset-stage-0@6.24.1
42 silly currentTree +-- babel-preset-stage-1@6.24.1
42 silly currentTree +-- babel-preset-stage-2@6.24.1
42 silly currentTree +-- babel-preset-stage-3@6.24.1
42 silly currentTree +-- babel-register@6.24.1
42 silly currentTree | `-- lodash@4.17.4
42 silly currentTree +-- babel-runtime@6.23.0
42 silly currentTree +-- babel-template@6.25.0
42 silly currentTree | `-- lodash@4.17.4
42 silly currentTree +-- babel-traverse@6.25.0
42 silly currentTree | `-- lodash@4.17.4
42 silly currentTree +-- babel-types@6.25.0
42 silly currentTree | `-- lodash@4.17.4
42 silly currentTree +-- babylon@6.17.4
42 silly currentTree +-- balanced-match@1.0.0
42 silly currentTree +-- base62@0.1.1
42 silly currentTree +-- base64-js@1.2.1
42 silly currentTree +-- basic-auth@1.1.0
42 silly currentTree +-- bcrypt-nodejs@0.0.3
42 silly currentTree +-- big.js@3.1.3
42 silly currentTree +-- binary-extensions@1.8.0
42 silly currentTree +-- bluebird@3.5.0
42 silly currentTree +-- body-parser@1.17.2
42 silly currentTree | `-- debug@2.6.7
42 silly currentTree +-- brace-expansion@1.1.8
42 silly currentTree +-- braces@1.8.5
42 silly currentTree +-- browserify-aes@0.4.0
42 silly currentTree +-- browserify-zlib@0.1.4
42 silly currentTree +-- bson@1.0.4
42 silly currentTree +-- buffer-shims@1.0.0
42 silly currentTree +-- buffer@4.9.1
42 silly currentTree +-- builtin-status-codes@3.0.0
42 silly currentTree +-- busboy@0.2.14
42 silly currentTree | +-- isarray@0.0.1
42 silly currentTree | +-- readable-stream@1.1.14
42 silly currentTree | `-- string_decoder@0.10.31
42 silly currentTree +-- bytes@2.4.0
42 silly currentTree +-- camelcase@1.2.1
42 silly currentTree +-- center-align@0.1.3
42 silly currentTree +-- chalk@1.1.3
42 silly currentTree +-- chokidar@1.7.0
42 silly currentTree +-- cliui@2.1.0
42 silly currentTree | `-- wordwrap@0.0.2
42 silly currentTree +-- clone@1.0.2
42 silly currentTree +-- cloudinary@1.9.0
42 silly currentTree +-- commander@2.11.0
42 silly currentTree +-- commondir@1.0.1
42 silly currentTree +-- commoner@0.10.8
42 silly currentTree +-- concat-map@0.0.1
42 silly currentTree +-- concat-stream@1.6.0
42 silly currentTree +-- connect-flash@0.1.1
42 silly currentTree +-- console-browserify@1.1.0
42 silly currentTree +-- constants-browserify@1.0.0
42 silly currentTree +-- content-disposition@0.5.2
42 silly currentTree +-- content-type@1.0.2
42 silly currentTree +-- contra@1.9.4
42 silly currentTree +-- convert-source-map@1.5.0
42 silly currentTree +-- cookie-parser@1.4.3
42 silly currentTree +-- cookie-signature@1.0.6
42 silly currentTree +-- cookie@0.3.1
42 silly currentTree +-- core-js@2.4.1
42 silly currentTree +-- core-util-is@1.0.2
42 silly currentTree +-- crc@3.4.4
42 silly currentTree +-- create-react-class@15.6.0
42 silly currentTree | `-- object-assign@4.1.1
42 silly currentTree +-- crossvent@1.5.4
42 silly currentTree +-- crypto-browserify@3.3.0
42 silly currentTree +-- custom-event@1.0.0
42 silly currentTree +-- date-now@0.1.4
42 silly currentTree +-- debug@2.6.8
42 silly currentTree +-- decamelize@1.2.0
42 silly currentTree +-- deep-equal@1.0.1
42 silly currentTree +-- defined@1.0.0
42 silly currentTree +-- depd@1.1.0
42 silly currentTree +-- destroy@1.0.4
42 silly currentTree +-- detect-indent@4.0.0
42 silly currentTree +-- detective@4.5.0
42 silly currentTree +-- dicer@0.2.5
42 silly currentTree | +-- isarray@0.0.1
42 silly currentTree | +-- readable-stream@1.1.14
42 silly currentTree | `-- string_decoder@0.10.31
42 silly currentTree +-- dom-walk@0.1.1
42 silly currentTree +-- domain-browser@1.1.7
42 silly currentTree +-- dragula@3.7.2
42 silly currentTree +-- ee-first@1.1.1
42 silly currentTree +-- emojis-list@2.1.0
42 silly currentTree +-- encodeurl@1.0.1
42 silly currentTree +-- encoding@0.1.12
42 silly currentTree +-- enhanced-resolve@0.9.1
42 silly currentTree | `-- memory-fs@0.2.0
42 silly currentTree +-- errno@0.1.4
42 silly currentTree +-- es6-error@4.0.2
42 silly currentTree +-- es6-promise@3.2.1
42 silly currentTree +-- escape-html@1.0.3
42 silly currentTree +-- escape-string-regexp@1.0.5
42 silly currentTree +-- esprima@3.1.3
42 silly currentTree +-- esutils@2.0.2
42 silly currentTree +-- etag@1.8.0
42 silly currentTree +-- events@1.1.1
42 silly currentTree +-- expand-brackets@0.1.5
42 silly currentTree +-- expand-range@1.8.2
42 silly currentTree +-- express-session@1.15.3
42 silly currentTree | `-- debug@2.6.7
42 silly currentTree +-- express@4.15.3
42 silly currentTree | `-- debug@2.6.7
42 silly currentTree +-- extglob@0.3.2
42 silly currentTree +-- fbjs@0.8.12
42 silly currentTree | +-- core-js@1.2.7
42 silly currentTree | `-- object-assign@4.1.1
42 silly currentTree +-- fd-slicer@1.0.1
42 silly currentTree +-- file-loader@0.11.2
42 silly currentTree +-- filename-regex@2.0.1
42 silly currentTree +-- fill-range@2.2.3
42 silly currentTree +-- finalhandler@1.0.3
42 silly currentTree | `-- debug@2.6.7
42 silly currentTree +-- find-cache-dir@0.1.1
42 silly currentTree +-- find-up@1.1.2
42 silly currentTree +-- flash@1.1.0
42 silly currentTree +-- flushwritable@1.0.0
42 silly currentTree +-- follow-redirects@1.2.4
42 silly currentTree +-- for-each@0.3.2
42 silly currentTree +-- for-in@1.0.2
42 silly currentTree +-- for-own@0.1.5
42 silly currentTree +-- formidable@1.1.1
42 silly currentTree +-- forwarded@0.1.0
42 silly currentTree +-- fresh@0.5.0
42 silly currentTree +-- generaterr@1.5.0
42 silly currentTree +-- glob-base@0.3.0
42 silly currentTree +-- glob-parent@2.0.0
42 silly currentTree +-- glob@5.0.15
42 silly currentTree +-- global@4.3.2
42 silly currentTree | `-- process@0.5.2
42 silly currentTree +-- globals@9.18.0
42 silly currentTree +-- graceful-fs@4.1.11
42 silly currentTree +-- gridfs-stream@1.1.1
42 silly currentTree +-- gridfs@1.0.0
42 silly currentTree +-- has-ansi@2.0.0
42 silly currentTree +-- has-flag@1.0.0
42 silly currentTree +-- history@3.3.0
42 silly currentTree +-- hoist-non-react-statics@1.2.0
42 silly currentTree +-- home-or-tmp@2.0.0
42 silly currentTree +-- hooks-fixed@2.0.0
42 silly currentTree +-- http-errors@1.6.1
42 silly currentTree +-- https-browserify@0.0.1
42 silly currentTree +-- iconv-lite@0.4.15
42 silly currentTree +-- ieee754@1.1.8
42 silly currentTree +-- indexof@0.0.1
42 silly currentTree +-- inflight@1.0.6
42 silly currentTree +-- inherits@2.0.3
42 silly currentTree +-- interpret@0.6.6
42 silly currentTree +-- invariant@2.2.2
42 silly currentTree +-- ipaddr.js@1.3.0
42 silly currentTree +-- is-binary-path@1.0.1
42 silly currentTree +-- is-buffer@1.1.5
42 silly currentTree +-- is-dotfile@1.0.3
42 silly currentTree +-- is-equal-shallow@0.1.3
42 silly currentTree +-- is-extendable@0.1.1
42 silly currentTree +-- is-extglob@1.0.0
42 silly currentTree +-- is-finite@1.0.2
42 silly currentTree +-- is-function@1.0.1
42 silly currentTree +-- is-glob@2.0.1
42 silly currentTree +-- is-number@2.1.0
42 silly currentTree +-- is-posix-bracket@0.1.1
42 silly currentTree +-- is-primitive@2.0.0
42 silly currentTree +-- is-promise@2.1.0
42 silly currentTree +-- is-stream@1.1.0
42 silly currentTree +-- isarray@1.0.0
42 silly currentTree +-- isobject@2.1.0
42 silly currentTree +-- isomorphic-fetch@2.2.1
42 silly currentTree +-- jquery@3.2.1
42 silly currentTree +-- js-tokens@3.0.2
42 silly currentTree +-- jsesc@1.3.0
42 silly currentTree +-- json5@0.5.1
42 silly currentTree +-- jstransform@10.1.0
42 silly currentTree | +-- esprima-fb@13001.1001.0-dev-harmony-fb
42 silly currentTree | `-- source-map@0.1.31
42 silly currentTree +-- kareem@1.4.1
42 silly currentTree +-- kind-of@3.2.2
42 silly currentTree +-- lazy-cache@1.0.4
42 silly currentTree +-- loader-utils@1.1.0
42 silly currentTree +-- lodash-es@4.17.4
42 silly currentTree +-- lodash@3.10.1
42 silly currentTree +-- longest@1.0.1
42 silly currentTree +-- loose-envify@1.3.1
42 silly currentTree +-- media-typer@0.3.0
42 silly currentTree +-- memory-fs@0.3.0
42 silly currentTree +-- merge-descriptors@1.0.1
42 silly currentTree +-- methods@1.1.2
42 silly currentTree +-- micromarkdown@0.3.4-a
42 silly currentTree +-- micromatch@2.3.11
42 silly currentTree +-- mime-db@1.27.0
42 silly currentTree +-- mime-types@2.1.15
42 silly currentTree +-- mime@1.3.6
42 silly currentTree +-- min-document@2.19.0
42 silly currentTree +-- minimatch@3.0.4
42 silly currentTree +-- minimist@0.0.8
42 silly currentTree +-- mkdirp@0.5.1
42 silly currentTree +-- mongodb-core@2.1.11
42 silly currentTree +-- mongodb@2.2.27
42 silly currentTree +-- mongoose@4.11.1
42 silly currentTree +-- morgan@1.8.2
42 silly currentTree +-- mpath@0.3.0
42 silly currentTree +-- mpromise@0.5.5
42 silly currentTree +-- mquery@2.3.1
42 silly currentTree | +-- bluebird@2.10.2
42 silly currentTree | `-- sliced@0.0.5
42 silly currentTree +-- ms@2.0.0
42 silly currentTree +-- multer@1.3.0
42 silly currentTree +-- multiparty@4.1.3
42 silly currentTree +-- muri@1.2.1
42 silly currentTree +-- negotiator@0.6.1
42 silly currentTree +-- node-fetch@1.7.1
42 silly currentTree +-- node-libs-browser@0.7.0
42 silly currentTree | `-- string_decoder@0.10.31
42 silly currentTree +-- normalize-path@2.1.1
42 silly currentTree +-- number-is-nan@1.0.1
42 silly currentTree +-- oauth@0.9.15
42 silly currentTree +-- object-assign@3.0.0
42 silly currentTree +-- object.omit@2.0.1
42 silly currentTree +-- on-finished@2.3.0
42 silly currentTree +-- on-headers@1.0.1
42 silly currentTree +-- once@1.4.0
42 silly currentTree +-- open@0.0.5
42 silly currentTree +-- optimist@0.6.1
42 silly currentTree +-- os-browserify@0.2.1
42 silly currentTree +-- os-homedir@1.0.2
42 silly currentTree +-- os-tmpdir@1.0.2
42 silly currentTree +-- pako@0.2.9
42 silly currentTree +-- parse-glob@3.0.4
42 silly currentTree +-- parse-headers@2.0.1
42 silly currentTree +-- parseurl@1.3.1
42 silly currentTree +-- passport-facebook@2.1.1
42 silly currentTree +-- passport-local-mongoose@4.0.0
42 silly currentTree +-- passport-local@1.0.0
42 silly currentTree +-- passport-oauth2@1.4.0
42 silly currentTree +-- passport-strategy@1.0.0
42 silly currentTree +-- passport@0.3.2
42 silly currentTree +-- path-browserify@0.0.0
42 silly currentTree +-- path-exists@2.1.0
42 silly currentTree +-- path-is-absolute@1.0.1
42 silly currentTree +-- path-to-regexp@0.1.7
42 silly currentTree +-- path@0.12.7
42 silly currentTree +-- pause@0.0.1
42 silly currentTree +-- pbkdf2-compat@2.0.1
42 silly currentTree +-- pend@1.2.0
42 silly currentTree +-- pinkie-promise@2.0.1
42 silly currentTree +-- pinkie@2.0.4
42 silly currentTree +-- pkg-dir@1.0.0
42 silly currentTree +-- preserve@0.2.0
42 silly currentTree +-- private@0.1.7
42 silly currentTree +-- process-nextick-args@1.0.7
42 silly currentTree +-- process@0.11.10
42 silly currentTree +-- promise@7.3.1
42 silly currentTree +-- prop-types@15.5.10
42 silly currentTree +-- proxy-addr@1.1.4
42 silly currentTree +-- prr@0.0.0
42 silly currentTree +-- punycode@1.4.1
42 silly currentTree +-- q@1.4.1
42 silly currentTree +-- qs@6.4.0
42 silly currentTree +-- query-string@4.3.4
42 silly currentTree | `-- object-assign@4.1.1
42 silly currentTree +-- querystring-es3@0.2.1
42 silly currentTree +-- querystring@0.2.0
42 silly currentTree +-- random-bytes@1.0.0
42 silly currentTree +-- randomatic@1.1.7
42 silly currentTree | +-- is-number@3.0.0
42 silly currentTree | | `-- kind-of@3.2.2
42 silly currentTree | `-- kind-of@4.0.0
42 silly currentTree +-- range-parser@1.2.0
42 silly currentTree +-- raw-body@2.2.0
42 silly currentTree +-- react-content-builder@0.1.6
42 silly currentTree +-- react-dom@15.6.1
42 silly currentTree | `-- object-assign@4.1.1
42 silly currentTree +-- react-dragula@1.1.17
42 silly currentTree +-- react-file-upload@0.0.4
42 silly currentTree +-- react-redux@5.0.5
42 silly currentTree | `-- lodash@4.17.4
42 silly currentTree +-- react-router-role-authorization@1.1.3
42 silly currentTree +-- react-router@3.0.5
42 silly currentTree +-- react-tools@0.13.3
42 silly currentTree +-- react@15.6.1
42 silly currentTree | `-- object-assign@4.1.1
42 silly currentTree +-- reactify@1.1.1
42 silly currentTree +-- readable-stream@2.2.7
42 silly currentTree +-- readdirp@2.1.0
42 silly currentTree +-- recast@0.11.23
42 silly currentTree +-- redux-form@6.8.0
42 silly currentTree | `-- lodash@4.17.4
42 silly currentTree +-- redux@3.7.1
42 silly currentTree | `-- lodash@4.17.4
42 silly currentTree +-- regenerate@1.3.2
42 silly currentTree +-- regenerator-runtime@0.10.5
42 silly currentTree +-- regenerator-transform@0.9.11
42 silly currentTree +-- regex-cache@0.4.3
42 silly currentTree +-- regexp-clone@0.0.1
42 silly currentTree +-- regexpu-core@2.0.0
42 silly currentTree +-- regjsgen@0.2.0
42 silly currentTree +-- regjsparser@0.1.5
42 silly currentTree | `-- jsesc@0.5.0
42 silly currentTree +-- remove-trailing-separator@1.0.2
42 silly currentTree +-- repeat-element@1.1.2
42 silly currentTree +-- repeat-string@1.6.1
42 silly currentTree +-- repeating@2.0.1
42 silly currentTree +-- require_optional@1.0.1
42 silly currentTree +-- resolve-from@2.0.0
42 silly currentTree +-- right-align@0.1.3
42 silly currentTree +-- ripemd160@0.2.0
42 silly currentTree +-- safe-buffer@5.1.1
42 silly currentTree +-- scmp@1.0.2
42 silly currentTree +-- semver@5.3.0
42 silly currentTree +-- send@0.15.3
42 silly currentTree | +-- debug@2.6.7
42 silly currentTree | `-- mime@1.3.4
42 silly currentTree +-- serve-static@1.12.3
42 silly currentTree +-- set-immediate-shim@1.0.1
42 silly currentTree +-- setimmediate@1.0.5
42 silly currentTree +-- setprototypeof@1.0.3
42 silly currentTree +-- sha.js@2.2.6
42 silly currentTree +-- slash@1.0.0
42 silly currentTree +-- sliced@1.0.1
42 silly currentTree +-- source-list-map@0.1.8
42 silly currentTree +-- source-map-support@0.4.15
42 silly currentTree +-- source-map@0.5.6
42 silly currentTree +-- statuses@1.3.1
42 silly currentTree +-- stream-browserify@2.0.1
42 silly currentTree +-- stream-http@2.7.2
42 silly currentTree +-- streamsearch@0.1.2
42 silly currentTree +-- strict-uri-encode@1.1.0
42 silly currentTree +-- string_decoder@1.0.3
42 silly currentTree +-- strip-ansi@3.0.1
42 silly currentTree +-- supports-color@2.0.0
42 silly currentTree +-- symbol-observable@1.0.4
42 silly currentTree +-- tapable@0.1.10
42 silly currentTree +-- through@2.3.8
42 silly currentTree +-- ticky@1.0.1
42 silly currentTree +-- timers-browserify@2.0.2
42 silly currentTree +-- to-arraybuffer@1.0.1
42 silly currentTree +-- to-fast-properties@1.0.3
42 silly currentTree +-- trim-right@1.0.1
42 silly currentTree +-- trim@0.0.1
42 silly currentTree +-- tty-browserify@0.0.0
42 silly currentTree +-- type-is@1.6.15
42 silly currentTree +-- typedarray@0.0.6
42 silly currentTree +-- ua-parser-js@0.7.13
42 silly currentTree +-- uglify-js@2.7.5
42 silly currentTree | `-- async@0.2.10
42 silly currentTree +-- uglify-to-browserify@1.0.2
42 silly currentTree +-- uid-safe@2.1.4
42 silly currentTree +-- uid2@0.0.3
42 silly currentTree +-- unpipe@1.0.0
42 silly currentTree +-- url-loader@0.5.9
42 silly currentTree +-- url@0.11.0
42 silly currentTree | `-- punycode@1.3.2
42 silly currentTree +-- util-deprecate@1.0.2
42 silly currentTree +-- util@0.10.3
42 silly currentTree | `-- inherits@2.0.1
42 silly currentTree +-- utils-merge@1.0.0
42 silly currentTree +-- vary@1.1.1
42 silly currentTree +-- vm-browserify@0.0.4
42 silly currentTree +-- warning@3.0.0
42 silly currentTree +-- watchpack@0.2.9
42 silly currentTree | `-- async@0.9.2
42 silly currentTree +-- webpack-core@0.6.9
42 silly currentTree | `-- source-map@0.4.4
42 silly currentTree +-- webpack@1.15.0
42 silly currentTree | +-- acorn@3.3.0
42 silly currentTree | +-- async@1.5.2
42 silly currentTree | +-- loader-utils@0.2.17
42 silly currentTree | +-- object-assign@4.1.1
42 silly currentTree | `-- supports-color@3.2.3
42 silly currentTree +-- whatwg-fetch@2.0.3
42 silly currentTree +-- window-size@0.1.0
42 silly currentTree +-- wordwrap@0.0.3
42 silly currentTree +-- wrappy@1.0.2
42 silly currentTree +-- xhr@2.4.0
42 silly currentTree +-- xtend@4.0.1
42 silly currentTree `-- yargs@3.10.0
43 silly idealTree finalproject@0.1.6
43 silly idealTree +-- accepts@1.3.3
43 silly idealTree +-- acorn@4.0.13
43 silly idealTree +-- align-text@0.1.4
43 silly idealTree +-- amdefine@1.0.1
43 silly idealTree +-- ansi-regex@2.1.1
43 silly idealTree +-- ansi-styles@2.2.1
43 silly idealTree +-- anymatch@1.3.0
43 silly idealTree +-- append-field@0.1.0
43 silly idealTree +-- arr-diff@2.0.0
43 silly idealTree +-- arr-flatten@1.1.0
43 silly idealTree +-- array-flatten@1.1.1
43 silly idealTree +-- array-unique@0.2.1
43 silly idealTree +-- arrify@1.0.1
43 silly idealTree +-- asap@2.0.6
43 silly idealTree +-- assert@1.4.1
43 silly idealTree +-- ast-types@0.9.6
43 silly idealTree +-- async-each@1.0.1
43 silly idealTree +-- async@2.1.4
43 silly idealTree | `-- lodash@4.17.4
43 silly idealTree +-- atoa@1.0.0
43 silly idealTree +-- axios@0.16.2
43 silly idealTree +-- babel-code-frame@6.22.0
43 silly idealTree +-- babel-core@6.25.0
43 silly idealTree | `-- lodash@4.17.4
43 silly idealTree +-- babel-generator@6.25.0
43 silly idealTree | `-- lodash@4.17.4
43 silly idealTree +-- babel-helper-bindify-decorators@6.24.1
43 silly idealTree +-- babel-helper-builder-binary-assignment-operator-visitor@6.24.1
43 silly idealTree +-- babel-helper-builder-react-jsx@6.24.1
43 silly idealTree +-- babel-helper-call-delegate@6.24.1
43 silly idealTree +-- babel-helper-define-map@6.24.1
43 silly idealTree | `-- lodash@4.17.4
43 silly idealTree +-- babel-helper-explode-assignable-expression@6.24.1
43 silly idealTree +-- babel-helper-explode-class@6.24.1
43 silly idealTree +-- babel-helper-function-name@6.24.1
43 silly idealTree +-- babel-helper-get-function-arity@6.24.1
43 silly idealTree +-- babel-helper-hoist-variables@6.24.1
43 silly idealTree +-- babel-helper-optimise-call-expression@6.24.1
43 silly idealTree +-- babel-helper-regex@6.24.1
43 silly idealTree | `-- lodash@4.17.4
43 silly idealTree +-- babel-helper-remap-async-to-generator@6.24.1
43 silly idealTree +-- babel-helper-replace-supers@6.24.1
43 silly idealTree +-- babel-helpers@6.24.1
43 silly idealTree +-- babel-loader@6.4.1
43 silly idealTree | +-- loader-utils@0.2.17
43 silly idealTree | `-- object-assign@4.1.1
43 silly idealTree +-- babel-messages@6.23.0
43 silly idealTree +-- babel-plugin-check-es2015-constants@6.22.0
43 silly idealTree +-- babel-plugin-syntax-async-functions@6.13.0
43 silly idealTree +-- babel-plugin-syntax-async-generators@6.13.0
43 silly idealTree +-- babel-plugin-syntax-class-constructor-call@6.18.0
43 silly idealTree +-- babel-plugin-syntax-class-properties@6.13.0
43 silly idealTree +-- babel-plugin-syntax-decorators@6.13.0
43 silly idealTree +-- babel-plugin-syntax-do-expressions@6.13.0
43 silly idealTree +-- babel-plugin-syntax-dynamic-import@6.18.0
43 silly idealTree +-- babel-plugin-syntax-exponentiation-operator@6.13.0
43 silly idealTree +-- babel-plugin-syntax-export-extensions@6.13.0
43 silly idealTree +-- babel-plugin-syntax-flow@6.18.0
43 silly idealTree +-- babel-plugin-syntax-function-bind@6.13.0
43 silly idealTree +-- babel-plugin-syntax-jsx@6.18.0
43 silly idealTree +-- babel-plugin-syntax-object-rest-spread@6.13.0
43 silly idealTree +-- babel-plugin-syntax-trailing-function-commas@6.22.0
43 silly idealTree +-- babel-plugin-transform-async-generator-functions@6.24.1
43 silly idealTree +-- babel-plugin-transform-async-to-generator@6.24.1
43 silly idealTree +-- babel-plugin-transform-class-constructor-call@6.24.1
43 silly idealTree +-- babel-plugin-transform-class-properties@6.24.1
43 silly idealTree +-- babel-plugin-transform-decorators@6.24.1
43 silly idealTree +-- babel-plugin-transform-do-expressions@6.22.0
43 silly idealTree +-- babel-plugin-transform-es2015-arrow-functions@6.22.0
43 silly idealTree +-- babel-plugin-transform-es2015-block-scoped-functions@6.22.0
43 silly idealTree +-- babel-plugin-transform-es2015-block-scoping@6.24.1
43 silly idealTree | `-- lodash@4.17.4
43 silly idealTree +-- babel-plugin-transform-es2015-classes@6.24.1
43 silly idealTree +-- babel-plugin-transform-es2015-computed-properties@6.24.1
43 silly idealTree +-- babel-plugin-transform-es2015-destructuring@6.23.0
43 silly idealTree +-- babel-plugin-transform-es2015-duplicate-keys@6.24.1
43 silly idealTree +-- babel-plugin-transform-es2015-for-of@6.23.0
43 silly idealTree +-- babel-plugin-transform-es2015-function-name@6.24.1
43 silly idealTree +-- babel-plugin-transform-es2015-literals@6.22.0
43 silly idealTree +-- babel-plugin-transform-es2015-modules-amd@6.24.1
43 silly idealTree +-- babel-plugin-transform-es2015-modules-commonjs@6.24.1
43 silly idealTree +-- babel-plugin-transform-es2015-modules-systemjs@6.24.1
43 silly idealTree +-- babel-plugin-transform-es2015-modules-umd@6.24.1
43 silly idealTree +-- babel-plugin-transform-es2015-object-super@6.24.1
43 silly idealTree +-- babel-plugin-transform-es2015-parameters@6.24.1
43 silly idealTree +-- babel-plugin-transform-es2015-shorthand-properties@6.24.1
43 silly idealTree +-- babel-plugin-transform-es2015-spread@6.22.0
43 silly idealTree +-- babel-plugin-transform-es2015-sticky-regex@6.24.1
43 silly idealTree +-- babel-plugin-transform-es2015-template-literals@6.22.0
43 silly idealTree +-- babel-plugin-transform-es2015-typeof-symbol@6.23.0
43 silly idealTree +-- babel-plugin-transform-es2015-unicode-regex@6.24.1
43 silly idealTree +-- babel-plugin-transform-exponentiation-operator@6.24.1
43 silly idealTree +-- babel-plugin-transform-export-extensions@6.22.0
43 silly idealTree +-- babel-plugin-transform-flow-strip-types@6.22.0
43 silly idealTree +-- babel-plugin-transform-function-bind@6.22.0
43 silly idealTree +-- babel-plugin-transform-object-rest-spread@6.23.0
43 silly idealTree +-- babel-plugin-transform-react-display-name@6.25.0
43 silly idealTree +-- babel-plugin-transform-react-jsx-self@6.22.0
43 silly idealTree +-- babel-plugin-transform-react-jsx-source@6.22.0
43 silly idealTree +-- babel-plugin-transform-react-jsx@6.24.1
43 silly idealTree +-- babel-plugin-transform-regenerator@6.24.1
43 silly idealTree +-- babel-plugin-transform-runtime@6.23.0
43 silly idealTree +-- babel-plugin-transform-strict-mode@6.24.1
43 silly idealTree +-- babel-polyfill@6.23.0
43 silly idealTree +-- babel-preset-es2015@6.24.1
43 silly idealTree +-- babel-preset-flow@6.23.0
43 silly idealTree +-- babel-preset-react@6.24.1
43 silly idealTree +-- babel-preset-stage-0@6.24.1
43 silly idealTree +-- babel-preset-stage-1@6.24.1
43 silly idealTree +-- babel-preset-stage-2@6.24.1
43 silly idealTree +-- babel-preset-stage-3@6.24.1
43 silly idealTree +-- babel-register@6.24.1
43 silly idealTree | `-- lodash@4.17.4
43 silly idealTree +-- babel-runtime@6.23.0
43 silly idealTree +-- babel-template@6.25.0
43 silly idealTree | `-- lodash@4.17.4
43 silly idealTree +-- babel-traverse@6.25.0
43 silly idealTree | `-- lodash@4.17.4
43 silly idealTree +-- babel-types@6.25.0
43 silly idealTree | `-- lodash@4.17.4
43 silly idealTree +-- babylon@6.17.4
43 silly idealTree +-- balanced-match@1.0.0
43 silly idealTree +-- base62@0.1.1
43 silly idealTree +-- base64-js@1.2.1
43 silly idealTree +-- basic-auth@1.1.0
43 silly idealTree +-- bcrypt-nodejs@0.0.3
43 silly idealTree +-- big.js@3.1.3
43 silly idealTree +-- binary-extensions@1.8.0
43 silly idealTree +-- bluebird@3.5.0
43 silly idealTree +-- body-parser@1.17.2
43 silly idealTree | `-- debug@2.6.7
43 silly idealTree +-- brace-expansion@1.1.8
43 silly idealTree +-- braces@1.8.5
43 silly idealTree +-- browserify-aes@0.4.0
43 silly idealTree +-- browserify-zlib@0.1.4
43 silly idealTree +-- bson@1.0.4
43 silly idealTree +-- buffer-shims@1.0.0
43 silly idealTree +-- buffer@4.9.1
43 silly idealTree +-- builtin-status-codes@3.0.0
43 silly idealTree +-- busboy@0.2.14
43 silly idealTree | +-- isarray@0.0.1
43 silly idealTree | +-- readable-stream@1.1.14
43 silly idealTree | `-- string_decoder@0.10.31
43 silly idealTree +-- bytes@2.4.0
43 silly idealTree +-- camelcase@1.2.1
43 silly idealTree +-- center-align@0.1.3
43 silly idealTree +-- chalk@1.1.3
43 silly idealTree +-- chokidar@1.7.0
43 silly idealTree +-- cliui@2.1.0
43 silly idealTree | `-- wordwrap@0.0.2
43 silly idealTree +-- clone@1.0.2
43 silly idealTree +-- cloudinary@1.9.0
43 silly idealTree +-- commander@2.11.0
43 silly idealTree +-- commondir@1.0.1
43 silly idealTree +-- commoner@0.10.8
43 silly idealTree +-- concat-map@0.0.1
43 silly idealTree +-- concat-stream@1.6.0
43 silly idealTree +-- connect-flash@0.1.1
43 silly idealTree +-- console-browserify@1.1.0
43 silly idealTree +-- constants-browserify@1.0.0
43 silly idealTree +-- content-disposition@0.5.2
43 silly idealTree +-- content-type@1.0.2
43 silly idealTree +-- contra@1.9.4
43 silly idealTree +-- convert-source-map@1.5.0
43 silly idealTree +-- cookie-parser@1.4.3
43 silly idealTree +-- cookie-signature@1.0.6
43 silly idealTree +-- cookie@0.3.1
43 silly idealTree +-- core-js@2.4.1
43 silly idealTree +-- core-util-is@1.0.2
43 silly idealTree +-- crc@3.4.4
43 silly idealTree +-- create-react-class@15.6.0
43 silly idealTree | `-- object-assign@4.1.1
43 silly idealTree +-- crossvent@1.5.4
43 silly idealTree +-- crypto-browserify@3.3.0
43 silly idealTree +-- custom-event@1.0.0
43 silly idealTree +-- date-now@0.1.4
43 silly idealTree +-- debug@2.6.8
43 silly idealTree +-- decamelize@1.2.0
43 silly idealTree +-- deep-equal@1.0.1
43 silly idealTree +-- defined@1.0.0
43 silly idealTree +-- depd@1.1.0
43 silly idealTree +-- destroy@1.0.4
43 silly idealTree +-- detect-indent@4.0.0
43 silly idealTree +-- detective@4.5.0
43 silly idealTree +-- dicer@0.2.5
43 silly idealTree | +-- isarray@0.0.1
43 silly idealTree | +-- readable-stream@1.1.14
43 silly idealTree | `-- string_decoder@0.10.31
43 silly idealTree +-- dom-walk@0.1.1
43 silly idealTree +-- domain-browser@1.1.7
43 silly idealTree +-- dragula@3.7.2
43 silly idealTree +-- ee-first@1.1.1
43 silly idealTree +-- emojis-list@2.1.0
43 silly idealTree +-- encodeurl@1.0.1
43 silly idealTree +-- encoding@0.1.12
43 silly idealTree +-- enhanced-resolve@0.9.1
43 silly idealTree | `-- memory-fs@0.2.0
43 silly idealTree +-- errno@0.1.4
43 silly idealTree +-- es6-error@4.0.2
43 silly idealTree +-- es6-promise@3.2.1
43 silly idealTree +-- escape-html@1.0.3
43 silly idealTree +-- escape-string-regexp@1.0.5
43 silly idealTree +-- esprima@3.1.3
43 silly idealTree +-- esutils@2.0.2
43 silly idealTree +-- etag@1.8.0
43 silly idealTree +-- events@1.1.1
43 silly idealTree +-- expand-brackets@0.1.5
43 silly idealTree +-- expand-range@1.8.2
43 silly idealTree +-- express-session@1.15.3
43 silly idealTree | `-- debug@2.6.7
43 silly idealTree +-- express@4.15.3
43 silly idealTree | `-- debug@2.6.7
43 silly idealTree +-- extglob@0.3.2
43 silly idealTree +-- fbjs@0.8.12
43 silly idealTree | +-- core-js@1.2.7
43 silly idealTree | `-- object-assign@4.1.1
43 silly idealTree +-- fd-slicer@1.0.1
43 silly idealTree +-- file-loader@0.11.2
43 silly idealTree +-- filename-regex@2.0.1
43 silly idealTree +-- fill-range@2.2.3
43 silly idealTree +-- finalhandler@1.0.3
43 silly idealTree | `-- debug@2.6.7
43 silly idealTree +-- find-cache-dir@0.1.1
43 silly idealTree +-- find-up@1.1.2
43 silly idealTree +-- flash@1.1.0
43 silly idealTree +-- flushwritable@1.0.0
43 silly idealTree +-- follow-redirects@1.2.4
43 silly idealTree +-- for-each@0.3.2
43 silly idealTree +-- for-in@1.0.2
43 silly idealTree +-- for-own@0.1.5
43 silly idealTree +-- formidable@1.1.1
43 silly idealTree +-- forwarded@0.1.0
43 silly idealTree +-- fresh@0.5.0
43 silly idealTree +-- generaterr@1.5.0
43 silly idealTree +-- glob-base@0.3.0
43 silly idealTree +-- glob-parent@2.0.0
43 silly idealTree +-- glob@5.0.15
43 silly idealTree +-- global@4.3.2
43 silly idealTree | `-- process@0.5.2
43 silly idealTree +-- globals@9.18.0
43 silly idealTree +-- graceful-fs@4.1.11
43 silly idealTree +-- gridfs-stream@1.1.1
43 silly idealTree +-- gridfs@1.0.0
43 silly idealTree +-- has-ansi@2.0.0
43 silly idealTree +-- has-flag@1.0.0
43 silly idealTree +-- history@3.3.0
43 silly idealTree +-- hoist-non-react-statics@1.2.0
43 silly idealTree +-- home-or-tmp@2.0.0
43 silly idealTree +-- hooks-fixed@2.0.0
43 silly idealTree +-- http-errors@1.6.1
43 silly idealTree +-- https-browserify@0.0.1
43 silly idealTree +-- iconv-lite@0.4.15
43 silly idealTree +-- ieee754@1.1.8
43 silly idealTree +-- indexof@0.0.1
43 silly idealTree +-- inflight@1.0.6
43 silly idealTree +-- inherits@2.0.3
43 silly idealTree +-- interpret@0.6.6
43 silly idealTree +-- invariant@2.2.2
43 silly idealTree +-- ipaddr.js@1.3.0
43 silly idealTree +-- is-binary-path@1.0.1
43 silly idealTree +-- is-buffer@1.1.5
43 silly idealTree +-- is-dotfile@1.0.3
43 silly idealTree +-- is-equal-shallow@0.1.3
43 silly idealTree +-- is-extendable@0.1.1
43 silly idealTree +-- is-extglob@1.0.0
43 silly idealTree +-- is-finite@1.0.2
43 silly idealTree +-- is-function@1.0.1
43 silly idealTree +-- is-glob@2.0.1
43 silly idealTree +-- is-number@2.1.0
43 silly idealTree +-- is-posix-bracket@0.1.1
43 silly idealTree +-- is-primitive@2.0.0
43 silly idealTree +-- is-promise@2.1.0
43 silly idealTree +-- is-stream@1.1.0
43 silly idealTree +-- isarray@1.0.0
43 silly idealTree +-- isobject@2.1.0
43 silly idealTree +-- isomorphic-fetch@2.2.1
43 silly idealTree +-- jquery@3.2.1
43 silly idealTree +-- js-tokens@3.0.2
43 silly idealTree +-- jsesc@1.3.0
43 silly idealTree +-- json5@0.5.1
43 silly idealTree +-- jstransform@10.1.0
43 silly idealTree | +-- esprima-fb@13001.1001.0-dev-harmony-fb
43 silly idealTree | `-- source-map@0.1.31
43 silly idealTree +-- kareem@1.4.1
43 silly idealTree +-- kind-of@3.2.2
43 silly idealTree +-- lazy-cache@1.0.4
43 silly idealTree +-- loader-utils@1.1.0
43 silly idealTree +-- lodash-es@4.17.4
43 silly idealTree +-- lodash@3.10.1
43 silly idealTree +-- longest@1.0.1
43 silly idealTree +-- loose-envify@1.3.1
43 silly idealTree +-- media-typer@0.3.0
43 silly idealTree +-- memory-fs@0.3.0
43 silly idealTree +-- merge-descriptors@1.0.1
43 silly idealTree +-- methods@1.1.2
43 silly idealTree +-- micromarkdown@0.3.4-a
43 silly idealTree +-- micromatch@2.3.11
43 silly idealTree +-- mime-db@1.27.0
43 silly idealTree +-- mime-types@2.1.15
43 silly idealTree +-- mime@1.3.6
43 silly idealTree +-- min-document@2.19.0
43 silly idealTree +-- minimatch@3.0.4
43 silly idealTree +-- minimist@0.0.8
43 silly idealTree +-- mkdirp@0.5.1
43 silly idealTree +-- mongodb-core@2.1.11
43 silly idealTree +-- mongodb@2.2.27
43 silly idealTree +-- mongoose@4.11.1
43 silly idealTree +-- morgan@1.8.2
43 silly idealTree +-- mpath@0.3.0
43 silly idealTree +-- mpromise@0.5.5
43 silly idealTree +-- mquery@2.3.1
43 silly idealTree | +-- bluebird@2.10.2
43 silly idealTree | `-- sliced@0.0.5
43 silly idealTree +-- ms@2.0.0
43 silly idealTree +-- multer@1.3.0
43 silly idealTree +-- multiparty@4.1.3
43 silly idealTree +-- muri@1.2.1
43 silly idealTree +-- negotiator@0.6.1
43 silly idealTree +-- node-fetch@1.7.1
43 silly idealTree +-- node-libs-browser@0.7.0
43 silly idealTree | `-- string_decoder@0.10.31
43 silly idealTree +-- normalize-path@2.1.1
43 silly idealTree +-- number-is-nan@1.0.1
43 silly idealTree +-- oauth@0.9.15
43 silly idealTree +-- object-assign@3.0.0
43 silly idealTree +-- object.omit@2.0.1
43 silly idealTree +-- on-finished@2.3.0
43 silly idealTree +-- on-headers@1.0.1
43 silly idealTree +-- once@1.4.0
43 silly idealTree +-- open@0.0.5
43 silly idealTree +-- optimist@0.6.1
43 silly idealTree +-- os-browserify@0.2.1
43 silly idealTree +-- os-homedir@1.0.2
43 silly idealTree +-- os-tmpdir@1.0.2
43 silly idealTree +-- pako@0.2.9
43 silly idealTree +-- parse-glob@3.0.4
43 silly idealTree +-- parse-headers@2.0.1
43 silly idealTree +-- parseurl@1.3.1
43 silly idealTree +-- passport-facebook@2.1.1
43 silly idealTree +-- passport-local-mongoose@4.0.0
43 silly idealTree +-- passport-local@1.0.0
43 silly idealTree +-- passport-oauth2@1.4.0
43 silly idealTree +-- passport-strategy@1.0.0
43 silly idealTree +-- passport@0.3.2
43 silly idealTree +-- path-browserify@0.0.0
43 silly idealTree +-- path-exists@2.1.0
43 silly idealTree +-- path-is-absolute@1.0.1
43 silly idealTree +-- path-to-regexp@0.1.7
43 silly idealTree +-- path@0.12.7
43 silly idealTree +-- pause@0.0.1
43 silly idealTree +-- pbkdf2-compat@2.0.1
43 silly idealTree +-- pend@1.2.0
43 silly idealTree +-- pinkie-promise@2.0.1
43 silly idealTree +-- pinkie@2.0.4
43 silly idealTree +-- pkg-dir@1.0.0
43 silly idealTree +-- preserve@0.2.0
43 silly idealTree +-- private@0.1.7
43 silly idealTree +-- process-nextick-args@1.0.7
43 silly idealTree +-- process@0.11.10
43 silly idealTree +-- promise@7.3.1
43 silly idealTree +-- prop-types@15.5.10
43 silly idealTree +-- proxy-addr@1.1.4
43 silly idealTree +-- prr@0.0.0
43 silly idealTree +-- punycode@1.4.1
43 silly idealTree +-- q@1.4.1
43 silly idealTree +-- qs@6.4.0
43 silly idealTree +-- query-string@4.3.4
43 silly idealTree | `-- object-assign@4.1.1
43 silly idealTree +-- querystring-es3@0.2.1
43 silly idealTree +-- querystring@0.2.0
43 silly idealTree +-- random-bytes@1.0.0
43 silly idealTree +-- randomatic@1.1.7
43 silly idealTree | +-- is-number@3.0.0
43 silly idealTree | | `-- kind-of@3.2.2
43 silly idealTree | `-- kind-of@4.0.0
43 silly idealTree +-- range-parser@1.2.0
43 silly idealTree +-- raw-body@2.2.0
43 silly idealTree +-- react-content-builder@0.1.6
43 silly idealTree +-- react-dom@15.6.1
43 silly idealTree | `-- object-assign@4.1.1
43 silly idealTree +-- react-dragula@1.1.17
43 silly idealTree +-- react-file-upload@0.0.4
43 silly idealTree +-- react-redux@5.0.5
43 silly idealTree | `-- lodash@4.17.4
43 silly idealTree +-- react-router-role-authorization@1.1.3
43 silly idealTree +-- react-router@3.0.5
43 silly idealTree +-- react-tools@0.13.3
43 silly idealTree +-- react@15.6.1
43 silly idealTree | `-- object-assign@4.1.1
43 silly idealTree +-- reactify@1.1.1
43 silly idealTree +-- readable-stream@2.2.7
43 silly idealTree +-- readdirp@2.1.0
43 silly idealTree +-- recast@0.11.23
43 silly idealTree +-- redux-form@6.8.0
43 silly idealTree | `-- lodash@4.17.4
43 silly idealTree +-- redux@3.7.1
43 silly idealTree | `-- lodash@4.17.4
43 silly idealTree +-- regenerate@1.3.2
43 silly idealTree +-- regenerator-runtime@0.10.5
43 silly idealTree +-- regenerator-transform@0.9.11
43 silly idealTree +-- regex-cache@0.4.3
43 silly idealTree +-- regexp-clone@0.0.1
43 silly idealTree +-- regexpu-core@2.0.0
43 silly idealTree +-- regjsgen@0.2.0
43 silly idealTree +-- regjsparser@0.1.5
43 silly idealTree | `-- jsesc@0.5.0
43 silly idealTree +-- remove-trailing-separator@1.0.2
43 silly idealTree +-- repeat-element@1.1.2
43 silly idealTree +-- repeat-string@1.6.1
43 silly idealTree +-- repeating@2.0.1
43 silly idealTree +-- require_optional@1.0.1
43 silly idealTree +-- resolve-from@2.0.0
43 silly idealTree +-- right-align@0.1.3
43 silly idealTree +-- ripemd160@0.2.0
43 silly idealTree +-- safe-buffer@5.1.1
43 silly idealTree +-- scmp@1.0.2
43 silly idealTree +-- semver@5.3.0
43 silly idealTree +-- send@0.15.3
43 silly idealTree | +-- debug@2.6.7
43 silly idealTree | `-- mime@1.3.4
43 silly idealTree +-- serve-static@1.12.3
43 silly idealTree +-- set-immediate-shim@1.0.1
43 silly idealTree +-- setimmediate@1.0.5
43 silly idealTree +-- setprototypeof@1.0.3
43 silly idealTree +-- sha.js@2.2.6
43 silly idealTree +-- slash@1.0.0
43 silly idealTree +-- sliced@1.0.1
43 silly idealTree +-- source-list-map@0.1.8
43 silly idealTree +-- source-map-support@0.4.15
43 silly idealTree +-- source-map@0.5.6
43 silly idealTree +-- statuses@1.3.1
43 silly idealTree +-- stream-browserify@2.0.1
43 silly idealTree +-- stream-http@2.7.2
43 silly idealTree +-- streamsearch@0.1.2
43 silly idealTree +-- strict-uri-encode@1.1.0
43 silly idealTree +-- string_decoder@1.0.3
43 silly idealTree +-- strip-ansi@3.0.1
43 silly idealTree +-- supports-color@2.0.0
43 silly idealTree +-- symbol-observable@1.0.4
43 silly idealTree +-- tapable@0.1.10
43 silly idealTree +-- through@2.3.8
43 silly idealTree +-- ticky@1.0.1
43 silly idealTree +-- timers-browserify@2.0.2
43 silly idealTree +-- to-arraybuffer@1.0.1
43 silly idealTree +-- to-fast-properties@1.0.3
43 silly idealTree +-- trim-right@1.0.1
43 silly idealTree +-- trim@0.0.1
43 silly idealTree +-- tty-browserify@0.0.0
43 silly idealTree +-- type-is@1.6.15
43 silly idealTree +-- typedarray@0.0.6
43 silly idealTree +-- ua-parser-js@0.7.13
43 silly idealTree +-- uglify-js@2.7.5
43 silly idealTree | `-- async@0.2.10
43 silly idealTree +-- uglify-to-browserify@1.0.2
43 silly idealTree +-- uid-safe@2.1.4
43 silly idealTree +-- uid2@0.0.3
43 silly idealTree +-- unpipe@1.0.0
43 silly idealTree +-- url-loader@0.5.9
43 silly idealTree +-- url@0.11.0
43 silly idealTree | `-- punycode@1.3.2
43 silly idealTree +-- util-deprecate@1.0.2
43 silly idealTree +-- util@0.10.3
43 silly idealTree | `-- inherits@2.0.1
43 silly idealTree +-- utils-merge@1.0.0
43 silly idealTree +-- vary@1.1.1
43 silly idealTree +-- vm-browserify@0.0.4
43 silly idealTree +-- warning@3.0.0
43 silly idealTree +-- watchpack@0.2.9
43 silly idealTree | `-- async@0.9.2
43 silly idealTree +-- webpack-core@0.6.9
43 silly idealTree | `-- source-map@0.4.4
43 silly idealTree +-- webpack@1.15.0
43 silly idealTree | +-- acorn@3.3.0
43 silly idealTree | +-- async@1.5.2
43 silly idealTree | +-- loader-utils@0.2.17
43 silly idealTree | +-- object-assign@4.1.1
43 silly idealTree | `-- supports-color@3.2.3
43 silly idealTree +-- whatwg-fetch@2.0.3
43 silly idealTree +-- window-size@0.1.0
43 silly idealTree +-- wordwrap@0.0.3
43 silly idealTree +-- wrappy@1.0.2
43 silly idealTree +-- xhr@2.4.0
43 silly idealTree +-- xtend@4.0.1
43 silly idealTree `-- yargs@3.10.0
44 silly generateActionsToTake Starting
45 silly install generateActionsToTake
46 silly generateActionsToTake Finishing
47 silly diffTrees action count 0
48 silly decomposeActions action count 0
49 silly runTopLevelLifecycles Starting
50 silly install runPreinstallTopLevelLifecycles
51 silly preinstall finalproject@0.1.6
52 info lifecycle finalproject@0.1.6~preinstall: finalproject@0.1.6
53 silly lifecycle finalproject@0.1.6~preinstall: no script for preinstall, continuing
54 silly executeActions Starting
55 silly install executeActions
56 silly doSerial global-install 0
57 silly doParallel fetch 0
58 verbose correctMkdir C:\Users\ksweat\AppData\Roaming\npm-cache\_locks correctMkdir not in flight; initializing
59 verbose lock using C:\Users\ksweat\AppData\Roaming\npm-cache\_locks\staging-3f0655c9c2964b53.lock for C:\Users\ksweat\documents\finalproject\node_modules\.staging
60 silly doParallel extract 0
61 silly doParallel preinstall 0
62 silly doReverseSerial remove 0
63 silly doSerial move 0
64 silly doSerial finalize 0
65 silly doSerial build 0
66 silly doSerial global-link 0
67 silly doParallel update-linked 0
68 silly doSerial install 0
69 silly doSerial postinstall 0
70 verbose unlock done using C:\Users\ksweat\AppData\Roaming\npm-cache\_locks\staging-3f0655c9c2964b53.lock for C:\Users\ksweat\documents\finalproject\node_modules\.staging
71 silly executeActions Finishing
72 silly rollbackFailedOptional Starting
73 silly rollbackFailedOptional Finishing
74 silly install runPostinstallTopLevelLifecycles
75 silly build finalproject@0.1.6
76 info linkStuff finalproject@0.1.6
77 silly linkStuff finalproject@0.1.6 has C:\Users\ksweat\documents as its parent node_modules
78 verbose linkBins finalproject@0.1.6
79 verbose linkMans finalproject@0.1.6
80 silly install finalproject@0.1.6
81 info lifecycle finalproject@0.1.6~install: finalproject@0.1.6
82 silly lifecycle finalproject@0.1.6~install: no script for install, continuing
83 silly postinstall finalproject@0.1.6
84 info lifecycle finalproject@0.1.6~postinstall: finalproject@0.1.6
85 silly lifecycle finalproject@0.1.6~postinstall: no script for postinstall, continuing
86 silly prepublish finalproject@0.1.6
87 warn prepublish-on-install As of npm@5, `prepublish` scripts will run only for `npm publish`.
88 warn prepublish-on-install (In npm@4 and previous versions, it also runs for `npm install`.)
89 warn prepublish-on-install See the deprecation note in `npm help scripts` for more information.
90 info lifecycle finalproject@0.1.6~prepublish: finalproject@0.1.6
91 verbose lifecycle finalproject@0.1.6~prepublish: unsafe-perm in lifecycle true
92 verbose lifecycle finalproject@0.1.6~prepublish: PATH: C:\Program Files\nodejs\node_modules\npm\bin\node-gyp-bin;C:\Users\ksweat\documents\finalproject\node_modules\.bin;C:\Users\ksweat\.babun\cygwin\usr\local\bin;C:\Users\ksweat\.babun\cygwin\bin;C:\Users\ksweat\.babun\cygwin\home\ksweat\.local\bin;C:\Program Files\MongoDB\Server\3.4\bin;C:\ProgramData\Oracle\Java\javapath;C:\Program Files\Common Files\Microsoft Shared\Microsoft Online Services;C:\Program Files (x86)\Common Files\Microsoft Shared\Microsoft Online Services;C:\Program Files (x86)\Intel\iCLS Client;C:\Program Files\Intel\iCLS Client;C:\Windows\system32;C:\Windows;C:\Windows\System32\Wbem;C:\Windows\System32\WindowsPowerShell\v1.0;C:\Program Files (x86)\Intel\Intel(R) Management Engine Components\DAL;C:\Program Files\Intel\Intel(R) Management Engine Components\DAL;C:\Program Files (x86)\Intel\Intel(R) Management Engine Components\IPT;C:\Program Files\Intel\Intel(R) Management Engine Components\IPT;C:\Program Files\Intel\WiFi\bin;C:\Program Files\Common Files\Intel\WirelessCommon;C:\Program Files (x86)\Shoreline Communications\ShoreWare Client;C:\Program Files (x86)\Shoreline Communications\ShoreWare Client\win64;C:\Program Files (x86)\Microsoft SQL Server\Client SDK\ODBC\130\Tools\Binn;C:\Program Files (x86)\Microsoft SQL Server\130\Tools\Binn;C:\Program Files (x86)\Microsoft SQL Server\130\DTS\Binn;C:\Program Files (x86)\Microsoft SQL Server\130\Tools\Binn\ManagementStudio;C:\Program Files (x86)\Brackets\command;C:\Program Files\nodejs;C:\Windows\idmu\common;C:\Program Files (x86)\Sudowin\Clients\Console;C:\Program Files\MySQL\MySQL Utilities 1.6;C:\Program Files (x86)\Yarn\bin;C:\Program Files (x86)\Google\Chrome\Application;C:\ProgramData\Oracle\Java\javapath;C:\Program Files\Common Files\Microsoft Shared\Microsoft Online Services;C:\Program Files (x86)\Common Files\Microsoft Shared\Microsoft Online Services;C:\Program Files (x86)\Intel\iCLS Client;C:\Program Files\Intel\iCLS Client;C:\Windows\system32;C:\Windows;C:\Windows\System32\Wbem;C:\Windows\System32\WindowsPowerShell\v1.0;C:\Program Files (x86)\Intel\Intel(R) Management Engine Components\DAL;C:\Program Files\Intel\Intel(R) Management Engine Components\DAL;C:\Program Files (x86)\Intel\Intel(R) Management Engine Components\IPT;C:\Program Files\Intel\Intel(R) Management Engine Components\IPT;C:\Program Files\Intel\WiFi\bin;C:\Program Files\Common Files\Intel\WirelessCommon;C:\Program Files (x86)\Shoreline Communications\ShoreWare Client;C:\Program Files (x86)\Shoreline Communications\ShoreWare Client\win64;C:\Program Files (x86)\Microsoft SQL Server\Client SDK\ODBC\130\Tools\Binn;C:\Program Files (x86)\Microsoft SQL Server\130\Tools\Binn;C:\Program Files (x86)\Microsoft SQL Server\130\DTS\Binn;C:\Program Files (x86)\Microsoft SQL Server\130\Tools\Binn\ManagementStudio;C:\Program Files (x86)\Brackets\command;C:\Users\ksweat\AppData\Roaming\npm;C:\Users\ksweat\.babun;C:\Users\ksweat\AppData\Local\Programs\Git\cmd;C:\Users\ksweat\AppData\Local\Yarn\bin
93 verbose lifecycle finalproject@0.1.6~prepublish: CWD: C:\Users\ksweat\documents\finalproject
94 silly lifecycle finalproject@0.1.6~prepublish: Args: [ '/d /s /c', 'npm run build' ]
95 silly lifecycle finalproject@0.1.6~prepublish: Returned: code: 1  signal: null
96 info lifecycle finalproject@0.1.6~prepublish: Failed to exec prepublish script
97 warn optional SKIPPING OPTIONAL DEPENDENCY: fsevents@^1.0.0 (node_modules\chokidar\node_modules\fsevents):
98 warn notsup SKIPPING OPTIONAL DEPENDENCY: Unsupported platform for fsevents@1.1.2: wanted {"os":"darwin","arch":"any"} (current: {"os":"win32","arch":"x64"})
99 verbose notsup SKIPPING OPTIONAL DEPENDENCY: Valid OS:    darwin
99 verbose notsup SKIPPING OPTIONAL DEPENDENCY: Valid Arch:  any
99 verbose notsup SKIPPING OPTIONAL DEPENDENCY: Actual OS:   win32
99 verbose notsup SKIPPING OPTIONAL DEPENDENCY: Actual Arch: x64
100 warn finalproject@0.1.6 No description
101 verbose If you need help, you may report this error at:
101 verbose     <https://github.com/npm/npm/issues>
102 warn finalproject@0.1.6 No repository field.
103 verbose If you need help, you may report this error at:
103 verbose     <https://github.com/npm/npm/issues>
104 warn finalproject@0.1.6 No license field.
105 verbose If you need help, you may report this error at:
105 verbose     <https://github.com/npm/npm/issues>
106 verbose stack Error: finalproject@0.1.6 prepublish: `npm run build`
106 verbose stack Exit status 1
106 verbose stack     at EventEmitter.<anonymous> (C:\Program Files\nodejs\node_modules\npm\lib\utils\lifecycle.js:279:16)
106 verbose stack     at emitTwo (events.js:106:13)
106 verbose stack     at EventEmitter.emit (events.js:192:7)
106 verbose stack     at ChildProcess.<anonymous> (C:\Program Files\nodejs\node_modules\npm\lib\utils\spawn.js:40:14)
106 verbose stack     at emitTwo (events.js:106:13)
106 verbose stack     at ChildProcess.emit (events.js:192:7)
106 verbose stack     at maybeClose (internal/child_process.js:890:16)
106 verbose stack     at Process.ChildProcess._handle.onexit (internal/child_process.js:226:5)
107 verbose pkgid finalproject@0.1.6
108 verbose cwd C:\Users\ksweat\documents\finalproject
109 error Windows_NT 6.1.7601
110 error argv "C:\\Program Files\\nodejs\\node.exe" "C:\\Program Files\\nodejs\\node_modules\\npm\\bin\\npm-cli.js" "install"
111 error node v7.5.0
112 error npm  v4.1.2
113 error code ELIFECYCLE
114 error finalproject@0.1.6 prepublish: `npm run build`
114 error Exit status 1
115 error Failed at the finalproject@0.1.6 prepublish script 'npm run build'.
115 error Make sure you have the latest version of node.js and npm installed.
115 error If you do, this is most likely a problem with the finalproject package,
115 error not with npm itself.
115 error Tell the author that this fails on your system:
115 error     npm run build
115 error You can get information on how to open an issue for this project with:
115 error     npm bugs finalproject
115 error Or if that isn't available, you can get their info via:
115 error     npm owner ls finalproject
115 error There is likely additional logging output above.
116 verbose exit [ 1, true ]
