0 info it worked if it ends with ok
1 verbose cli [ '/usr/local/bin/node', '/usr/local/bin/npm', 'start' ]
2 info using npm@3.10.10
3 info using node@v6.11.0
4 verbose run-script [ 'prestart', 'start', 'poststart' ]
5 info lifecycle spin-react@1.0.0~prestart: spin-react@1.0.0
6 silly lifecycle spin-react@1.0.0~prestart: no script for prestart, continuing
7 info lifecycle spin-react@1.0.0~start: spin-react@1.0.0
8 verbose lifecycle spin-react@1.0.0~start: unsafe-perm in lifecycle true
9 verbose lifecycle spin-react@1.0.0~start: PATH: /usr/local/lib/node_modules/npm/bin/node-gyp-bin:/Users/kandacesweat/Documents/Bootcamp/project/finalProject/Full-Version-React/node_modules/.bin:/usr/local/bin:/usr/bin:/bin:/usr/sbin:/sbin:/Library/Frameworks/Mono.framework/Versions/Current/Commands
10 verbose lifecycle spin-react@1.0.0~start: CWD: /Users/kandacesweat/Documents/Bootcamp/project/finalProject/Full-Version-React
11 silly lifecycle spin-react@1.0.0~start: Args: [ '-c', 'better-npm-run start' ]
12 info lifecycle spin-react@1.0.0~start: Failed to exec start script
13 verbose stack Error: spin-react@1.0.0 start: `better-npm-run start`
13 verbose stack spawn ENOENT
13 verbose stack     at ChildProcess.<anonymous> (/usr/local/lib/node_modules/npm/lib/utils/spawn.js:33:16)
13 verbose stack     at emitTwo (events.js:106:13)
13 verbose stack     at ChildProcess.emit (events.js:191:7)
13 verbose stack     at maybeClose (internal/child_process.js:891:16)
13 verbose stack     at Process.ChildProcess._handle.onexit (internal/child_process.js:226:5)
14 verbose pkgid spin-react@1.0.0
15 verbose cwd /Users/kandacesweat/Documents/Bootcamp/project/finalProject/Full-Version-React
16 error Darwin 16.6.0
17 error argv "/usr/local/bin/node" "/usr/local/bin/npm" "start"
18 error node v6.11.0
19 error npm  v3.10.10
20 error file sh
21 error code ELIFECYCLE
22 error errno ENOENT
23 error syscall spawn
24 error spin-react@1.0.0 start: `better-npm-run start`
24 error spawn ENOENT
25 error Failed at the spin-react@1.0.0 start script 'better-npm-run start'.
25 error Make sure you have the latest version of node.js and npm installed.
25 error If you do, this is most likely a problem with the spin-react package,
25 error not with npm itself.
25 error Tell the author that this fails on your system:
25 error     better-npm-run start
25 error You can get information on how to open an issue for this project with:
25 error     npm bugs spin-react
25 error Or if that isn't available, you can get their info via:
25 error     npm owner ls spin-react
25 error There is likely additional logging output above.
26 verbose exit [ 1, true ]
